CRITICAL - 2024-01-23 13:56:38 --> ParseError: syntax error, unexpected token "&"
in APPPATH\Views\templates\boards.php on line 46.
 1 SYSTEMPATH\View\View.php(231): CodeIgniter\View\View->CodeIgniter\View\{closure}()
 2 SYSTEMPATH\Common.php(1178): CodeIgniter\View\View->render('templates/boards', [], true)
 3 APPPATH\Controllers\Home.php(12): view('templates/boards')
 4 SYSTEMPATH\CodeIgniter.php(941): App\Controllers\Home->index()
 5 SYSTEMPATH\CodeIgniter.php(502): CodeIgniter\CodeIgniter->runController(Object(App\Controllers\Home))
 6 SYSTEMPATH\CodeIgniter.php(361): CodeIgniter\CodeIgniter->handleRequest(null, Object(Config\Cache), false)
 7 FCPATH\index.php(79): CodeIgniter\CodeIgniter->run()
CRITICAL - 2024-01-23 13:59:49 --> ParseError: syntax error, unexpected token ")", expecting "->" or "?->" or "{" or "["
in APPPATH\Views\templates\boards.php on line 44.
 1 SYSTEMPATH\View\View.php(231): CodeIgniter\View\View->CodeIgniter\View\{closure}()
 2 SYSTEMPATH\Common.php(1178): CodeIgniter\View\View->render('templates/boards', [], true)
 3 APPPATH\Controllers\Home.php(12): view('templates/boards')
 4 SYSTEMPATH\CodeIgniter.php(941): App\Controllers\Home->index()
 5 SYSTEMPATH\CodeIgniter.php(502): CodeIgniter\CodeIgniter->runController(Object(App\Controllers\Home))
 6 SYSTEMPATH\CodeIgniter.php(361): CodeIgniter\CodeIgniter->handleRequest(null, Object(Config\Cache), false)
 7 FCPATH\index.php(79): CodeIgniter\CodeIgniter->run()
CRITICAL - 2024-01-23 14:04:35 --> ParseError: syntax error, unexpected token "&"
in APPPATH\Views\templates\boards.php on line 46.
 1 SYSTEMPATH\View\View.php(231): CodeIgniter\View\View->CodeIgniter\View\{closure}()
 2 SYSTEMPATH\Common.php(1178): CodeIgniter\View\View->render('templates/boards', [], true)
 3 APPPATH\Controllers\Home.php(12): view('templates/boards')
 4 SYSTEMPATH\CodeIgniter.php(941): App\Controllers\Home->index()
 5 SYSTEMPATH\CodeIgniter.php(502): CodeIgniter\CodeIgniter->runController(Object(App\Controllers\Home))
 6 SYSTEMPATH\CodeIgniter.php(361): CodeIgniter\CodeIgniter->handleRequest(null, Object(Config\Cache), false)
 7 FCPATH\index.php(79): CodeIgniter\CodeIgniter->run()
CRITICAL - 2024-01-23 14:05:13 --> ParseError: syntax error, unexpected token "<", expecting end of file
in APPPATH\Views\templates\boards.php on line 3.
 1 SYSTEMPATH\View\View.php(231): CodeIgniter\View\View->CodeIgniter\View\{closure}()
 2 SYSTEMPATH\Common.php(1178): CodeIgniter\View\View->render('templates/boards', [], true)
 3 APPPATH\Controllers\Home.php(12): view('templates/boards')
 4 SYSTEMPATH\CodeIgniter.php(941): App\Controllers\Home->index()
 5 SYSTEMPATH\CodeIgniter.php(502): CodeIgniter\CodeIgniter->runController(Object(App\Controllers\Home))
 6 SYSTEMPATH\CodeIgniter.php(361): CodeIgniter\CodeIgniter->handleRequest(null, Object(Config\Cache), false)
 7 FCPATH\index.php(79): CodeIgniter\CodeIgniter->run()
CRITICAL - 2024-01-23 14:05:32 --> ParseError: syntax error, unexpected token "&"
in APPPATH\Views\templates\boards.php on line 44.
 1 SYSTEMPATH\View\View.php(231): CodeIgniter\View\View->CodeIgniter\View\{closure}()
 2 SYSTEMPATH\Common.php(1178): CodeIgniter\View\View->render('templates/boards', [], true)
 3 APPPATH\Controllers\Home.php(12): view('templates/boards')
 4 SYSTEMPATH\CodeIgniter.php(941): App\Controllers\Home->index()
 5 SYSTEMPATH\CodeIgniter.php(502): CodeIgniter\CodeIgniter->runController(Object(App\Controllers\Home))
 6 SYSTEMPATH\CodeIgniter.php(361): CodeIgniter\CodeIgniter->handleRequest(null, Object(Config\Cache), false)
 7 FCPATH\index.php(79): CodeIgniter\CodeIgniter->run()
CRITICAL - 2024-01-23 14:07:18 --> ErrorException: Undefined variable $item
in APPPATH\Views\templates\boards.php on line 44.
 1 APPPATH\Views\templates\boards.php(44): CodeIgniter\Debug\Exceptions->errorHandler(2, 'Undefined variable $item', 'C:\\xampp\\htdocs\\wd24\\app\\Views\\templates\\boards.php', 44)
 2 SYSTEMPATH\View\View.php(228): include('C:\\xampp\\htdocs\\wd24\\app\\Views\\templates\\boards.php')
 3 SYSTEMPATH\View\View.php(231): CodeIgniter\View\View->CodeIgniter\View\{closure}()
 4 SYSTEMPATH\Common.php(1178): CodeIgniter\View\View->render('templates/boards', [], true)
 5 APPPATH\Controllers\Home.php(12): view('templates/boards')
 6 SYSTEMPATH\CodeIgniter.php(941): App\Controllers\Home->index()
 7 SYSTEMPATH\CodeIgniter.php(502): CodeIgniter\CodeIgniter->runController(Object(App\Controllers\Home))
 8 SYSTEMPATH\CodeIgniter.php(361): CodeIgniter\CodeIgniter->handleRequest(null, Object(Config\Cache), false)
 9 FCPATH\index.php(79): CodeIgniter\CodeIgniter->run()
CRITICAL - 2024-01-23 14:08:04 --> ErrorException: Undefined variable $boards
in APPPATH\Views\templates\boards.php on line 42.
 1 APPPATH\Views\templates\boards.php(42): CodeIgniter\Debug\Exceptions->errorHandler(2, 'Undefined variable $boards', 'C:\\xampp\\htdocs\\wd24\\app\\Views\\templates\\boards.php', 42)
 2 SYSTEMPATH\View\View.php(228): include('C:\\xampp\\htdocs\\wd24\\app\\Views\\templates\\boards.php')
 3 SYSTEMPATH\View\View.php(231): CodeIgniter\View\View->CodeIgniter\View\{closure}()
 4 SYSTEMPATH\Common.php(1178): CodeIgniter\View\View->render('templates/boards', [], true)
 5 APPPATH\Controllers\Home.php(12): view('templates/boards')
 6 SYSTEMPATH\CodeIgniter.php(941): App\Controllers\Home->index()
 7 SYSTEMPATH\CodeIgniter.php(502): CodeIgniter\CodeIgniter->runController(Object(App\Controllers\Home))
 8 SYSTEMPATH\CodeIgniter.php(361): CodeIgniter\CodeIgniter->handleRequest(null, Object(Config\Cache), false)
 9 FCPATH\index.php(79): CodeIgniter\CodeIgniter->run()
CRITICAL - 2024-01-23 14:08:31 --> ErrorException: Undefined variable $data
in APPPATH\Views\templates\boards.php on line 42.
 1 APPPATH\Views\templates\boards.php(42): CodeIgniter\Debug\Exceptions->errorHandler(2, 'Undefined variable $data', 'C:\\xampp\\htdocs\\wd24\\app\\Views\\templates\\boards.php', 42)
 2 SYSTEMPATH\View\View.php(228): include('C:\\xampp\\htdocs\\wd24\\app\\Views\\templates\\boards.php')
 3 SYSTEMPATH\View\View.php(231): CodeIgniter\View\View->CodeIgniter\View\{closure}()
 4 SYSTEMPATH\Common.php(1178): CodeIgniter\View\View->render('templates/boards', [], true)
 5 APPPATH\Controllers\Home.php(12): view('templates/boards')
 6 SYSTEMPATH\CodeIgniter.php(941): App\Controllers\Home->index()
 7 SYSTEMPATH\CodeIgniter.php(502): CodeIgniter\CodeIgniter->runController(Object(App\Controllers\Home))
 8 SYSTEMPATH\CodeIgniter.php(361): CodeIgniter\CodeIgniter->handleRequest(null, Object(Config\Cache), false)
 9 FCPATH\index.php(79): CodeIgniter\CodeIgniter->run()
CRITICAL - 2024-01-23 14:09:49 --> ErrorException: Undefined variable $data
in APPPATH\Views\templates\boards.php on line 42.
 1 APPPATH\Views\templates\boards.php(42): CodeIgniter\Debug\Exceptions->errorHandler(2, 'Undefined variable $data', 'C:\\xampp\\htdocs\\wd24\\app\\Views\\templates\\boards.php', 42)
 2 SYSTEMPATH\View\View.php(228): include('C:\\xampp\\htdocs\\wd24\\app\\Views\\templates\\boards.php')
 3 SYSTEMPATH\View\View.php(231): CodeIgniter\View\View->CodeIgniter\View\{closure}()
 4 SYSTEMPATH\Common.php(1178): CodeIgniter\View\View->render('templates/boards', [], true)
 5 APPPATH\Controllers\Home.php(15): view('templates/boards', [...])
 6 SYSTEMPATH\CodeIgniter.php(941): App\Controllers\Home->index()
 7 SYSTEMPATH\CodeIgniter.php(502): CodeIgniter\CodeIgniter->runController(Object(App\Controllers\Home))
 8 SYSTEMPATH\CodeIgniter.php(361): CodeIgniter\CodeIgniter->handleRequest(null, Object(Config\Cache), false)
 9 FCPATH\index.php(79): CodeIgniter\CodeIgniter->run()
CRITICAL - 2024-01-23 14:16:25 --> ErrorException: Undefined variable $data
in APPPATH\Views\templates\boards.php on line 42.
 1 APPPATH\Views\templates\boards.php(42): CodeIgniter\Debug\Exceptions->errorHandler(2, 'Undefined variable $data', 'C:\\xampp\\htdocs\\wd24\\app\\Views\\templates\\boards.php', 42)
 2 SYSTEMPATH\View\View.php(228): include('C:\\xampp\\htdocs\\wd24\\app\\Views\\templates\\boards.php')
 3 SYSTEMPATH\View\View.php(231): CodeIgniter\View\View->CodeIgniter\View\{closure}()
 4 SYSTEMPATH\Common.php(1178): CodeIgniter\View\View->render('templates/boards', [], true)
 5 APPPATH\Controllers\Home.php(15): view('templates/boards', [...])
 6 SYSTEMPATH\CodeIgniter.php(941): App\Controllers\Home->index()
 7 SYSTEMPATH\CodeIgniter.php(502): CodeIgniter\CodeIgniter->runController(Object(App\Controllers\Home))
 8 SYSTEMPATH\CodeIgniter.php(361): CodeIgniter\CodeIgniter->handleRequest(null, Object(Config\Cache), false)
 9 FCPATH\index.php(79): CodeIgniter\CodeIgniter->run()
CRITICAL - 2024-01-23 14:17:19 --> ErrorException: Undefined variable $boards
in APPPATH\Views\templates\boards.php on line 42.
 1 APPPATH\Views\templates\boards.php(42): CodeIgniter\Debug\Exceptions->errorHandler(2, 'Undefined variable $boards', 'C:\\xampp\\htdocs\\wd24\\app\\Views\\templates\\boards.php', 42)
 2 SYSTEMPATH\View\View.php(228): include('C:\\xampp\\htdocs\\wd24\\app\\Views\\templates\\boards.php')
 3 SYSTEMPATH\View\View.php(231): CodeIgniter\View\View->CodeIgniter\View\{closure}()
 4 SYSTEMPATH\Common.php(1178): CodeIgniter\View\View->render('templates/boards', [], true)
 5 APPPATH\Controllers\Home.php(15): view('templates/boards', [...])
 6 SYSTEMPATH\CodeIgniter.php(941): App\Controllers\Home->index()
 7 SYSTEMPATH\CodeIgniter.php(502): CodeIgniter\CodeIgniter->runController(Object(App\Controllers\Home))
 8 SYSTEMPATH\CodeIgniter.php(361): CodeIgniter\CodeIgniter->handleRequest(null, Object(Config\Cache), false)
 9 FCPATH\index.php(79): CodeIgniter\CodeIgniter->run()
CRITICAL - 2024-01-23 14:18:22 --> ErrorException: Undefined variable $data
in APPPATH\Views\templates\boards.php on line 1.
 1 APPPATH\Views\templates\boards.php(1): CodeIgniter\Debug\Exceptions->errorHandler(2, 'Undefined variable $data', 'C:\\xampp\\htdocs\\wd24\\app\\Views\\templates\\boards.php', 1)
 2 SYSTEMPATH\View\View.php(228): include('C:\\xampp\\htdocs\\wd24\\app\\Views\\templates\\boards.php')
 3 SYSTEMPATH\View\View.php(231): CodeIgniter\View\View->CodeIgniter\View\{closure}()
 4 SYSTEMPATH\Common.php(1178): CodeIgniter\View\View->render('templates/boards', [], true)
 5 APPPATH\Controllers\Home.php(15): view('templates/boards', [...])
 6 SYSTEMPATH\CodeIgniter.php(941): App\Controllers\Home->index()
 7 SYSTEMPATH\CodeIgniter.php(502): CodeIgniter\CodeIgniter->runController(Object(App\Controllers\Home))
 8 SYSTEMPATH\CodeIgniter.php(361): CodeIgniter\CodeIgniter->handleRequest(null, Object(Config\Cache), false)
 9 FCPATH\index.php(79): CodeIgniter\CodeIgniter->run()
CRITICAL - 2024-01-23 14:18:37 --> ErrorException: Undefined variable $boards
in APPPATH\Views\templates\boards.php on line 1.
 1 APPPATH\Views\templates\boards.php(1): CodeIgniter\Debug\Exceptions->errorHandler(2, 'Undefined variable $boards', 'C:\\xampp\\htdocs\\wd24\\app\\Views\\templates\\boards.php', 1)
 2 SYSTEMPATH\View\View.php(228): include('C:\\xampp\\htdocs\\wd24\\app\\Views\\templates\\boards.php')
 3 SYSTEMPATH\View\View.php(231): CodeIgniter\View\View->CodeIgniter\View\{closure}()
 4 SYSTEMPATH\Common.php(1178): CodeIgniter\View\View->render('templates/boards', [], true)
 5 APPPATH\Controllers\Home.php(15): view('templates/boards', [...])
 6 SYSTEMPATH\CodeIgniter.php(941): App\Controllers\Home->index()
 7 SYSTEMPATH\CodeIgniter.php(502): CodeIgniter\CodeIgniter->runController(Object(App\Controllers\Home))
 8 SYSTEMPATH\CodeIgniter.php(361): CodeIgniter\CodeIgniter->handleRequest(null, Object(Config\Cache), false)
 9 FCPATH\index.php(79): CodeIgniter\CodeIgniter->run()
CRITICAL - 2024-01-23 14:18:51 --> ErrorException: Undefined variable $boards
in APPPATH\Views\templates\boards.php on line 43.
 1 APPPATH\Views\templates\boards.php(43): CodeIgniter\Debug\Exceptions->errorHandler(2, 'Undefined variable $boards', 'C:\\xampp\\htdocs\\wd24\\app\\Views\\templates\\boards.php', 43)
 2 SYSTEMPATH\View\View.php(228): include('C:\\xampp\\htdocs\\wd24\\app\\Views\\templates\\boards.php')
 3 SYSTEMPATH\View\View.php(231): CodeIgniter\View\View->CodeIgniter\View\{closure}()
 4 SYSTEMPATH\Common.php(1178): CodeIgniter\View\View->render('templates/boards', [], true)
 5 APPPATH\Controllers\Home.php(15): view('templates/boards', [...])
 6 SYSTEMPATH\CodeIgniter.php(941): App\Controllers\Home->index()
 7 SYSTEMPATH\CodeIgniter.php(502): CodeIgniter\CodeIgniter->runController(Object(App\Controllers\Home))
 8 SYSTEMPATH\CodeIgniter.php(361): CodeIgniter\CodeIgniter->handleRequest(null, Object(Config\Cache), false)
 9 FCPATH\index.php(79): CodeIgniter\CodeIgniter->run()
CRITICAL - 2024-01-23 14:19:23 --> ErrorException: Undefined variable $item
in APPPATH\Views\templates\boards.php on line 1.
 1 APPPATH\Views\templates\boards.php(1): CodeIgniter\Debug\Exceptions->errorHandler(2, 'Undefined variable $item', 'C:\\xampp\\htdocs\\wd24\\app\\Views\\templates\\boards.php', 1)
 2 SYSTEMPATH\View\View.php(228): include('C:\\xampp\\htdocs\\wd24\\app\\Views\\templates\\boards.php')
 3 SYSTEMPATH\View\View.php(231): CodeIgniter\View\View->CodeIgniter\View\{closure}()
 4 SYSTEMPATH\Common.php(1178): CodeIgniter\View\View->render('templates/boards', [], true)
 5 APPPATH\Controllers\Home.php(15): view('templates/boards', [...])
 6 SYSTEMPATH\CodeIgniter.php(941): App\Controllers\Home->index()
 7 SYSTEMPATH\CodeIgniter.php(502): CodeIgniter\CodeIgniter->runController(Object(App\Controllers\Home))
 8 SYSTEMPATH\CodeIgniter.php(361): CodeIgniter\CodeIgniter->handleRequest(null, Object(Config\Cache), false)
 9 FCPATH\index.php(79): CodeIgniter\CodeIgniter->run()
CRITICAL - 2024-01-23 14:22:45 --> ErrorException: Undefined array key "id"
in APPPATH\Views\templates\boards.php on line 44.
 1 APPPATH\Views\templates\boards.php(44): CodeIgniter\Debug\Exceptions->errorHandler(2, 'Undefined array key "id"', 'C:\\xampp\\htdocs\\wd24\\app\\Views\\templates\\boards.php', 44)
 2 SYSTEMPATH\View\View.php(228): include('C:\\xampp\\htdocs\\wd24\\app\\Views\\templates\\boards.php')
 3 SYSTEMPATH\View\View.php(231): CodeIgniter\View\View->CodeIgniter\View\{closure}()
 4 SYSTEMPATH\Common.php(1178): CodeIgniter\View\View->render('templates/boards', [], true)
 5 APPPATH\Controllers\Home.php(16): view('templates/boards', [...])
 6 SYSTEMPATH\CodeIgniter.php(941): App\Controllers\Home->index()
 7 SYSTEMPATH\CodeIgniter.php(502): CodeIgniter\CodeIgniter->runController(Object(App\Controllers\Home))
 8 SYSTEMPATH\CodeIgniter.php(361): CodeIgniter\CodeIgniter->handleRequest(null, Object(Config\Cache), false)
 9 FCPATH\index.php(79): CodeIgniter\CodeIgniter->run()
ERROR - 2024-01-23 14:34:04 --> Error connecting to the database: mysqli_sql_exception: Es konnte keine Verbindung hergestellt werden, da der Zielcomputer die Verbindung verweigerte in C:\xampp\htdocs\wd24\system\Database\MySQLi\Connection.php:185
Stack trace:
#0 C:\xampp\htdocs\wd24\system\Database\MySQLi\Connection.php(185): mysqli->real_connect('localhost', 'root', '', 'db_team18', 3306, '', 0)
#1 C:\xampp\htdocs\wd24\system\Database\BaseConnection.php(392): CodeIgniter\Database\MySQLi\Connection->connect(false)
#2 C:\xampp\htdocs\wd24\system\Database\BaseConnection.php(575): CodeIgniter\Database\BaseConnection->initialize()
#3 C:\xampp\htdocs\wd24\app\Models\TableModel.php(9): CodeIgniter\Database\BaseConnection->query('SELECT * FROM b...')
#4 C:\xampp\htdocs\wd24\app\Controllers\Home.php(12): App\Models\TableModel->getBoards()
#5 C:\xampp\htdocs\wd24\system\CodeIgniter.php(941): App\Controllers\Home->index()
#6 C:\xampp\htdocs\wd24\system\CodeIgniter.php(502): CodeIgniter\CodeIgniter->runController(Object(App\Controllers\Home))
#7 C:\xampp\htdocs\wd24\system\CodeIgniter.php(361): CodeIgniter\CodeIgniter->handleRequest(NULL, Object(Config\Cache), false)
#8 C:\xampp\htdocs\wd24\public\index.php(79): CodeIgniter\CodeIgniter->run()
#9 {main}

Next CodeIgniter\Database\Exceptions\DatabaseException: Es konnte keine Verbindung hergestellt werden, da der Zielcomputer die Verbindung verweigerte in C:\xampp\htdocs\wd24\system\Database\MySQLi\Connection.php:229
Stack trace:
#0 C:\xampp\htdocs\wd24\system\Database\BaseConnection.php(392): CodeIgniter\Database\MySQLi\Connection->connect(false)
#1 C:\xampp\htdocs\wd24\system\Database\BaseConnection.php(575): CodeIgniter\Database\BaseConnection->initialize()
#2 C:\xampp\htdocs\wd24\app\Models\TableModel.php(9): CodeIgniter\Database\BaseConnection->query('SELECT * FROM b...')
#3 C:\xampp\htdocs\wd24\app\Controllers\Home.php(12): App\Models\TableModel->getBoards()
#4 C:\xampp\htdocs\wd24\system\CodeIgniter.php(941): App\Controllers\Home->index()
#5 C:\xampp\htdocs\wd24\system\CodeIgniter.php(502): CodeIgniter\CodeIgniter->runController(Object(App\Controllers\Home))
#6 C:\xampp\htdocs\wd24\system\CodeIgniter.php(361): CodeIgniter\CodeIgniter->handleRequest(NULL, Object(Config\Cache), false)
#7 C:\xampp\htdocs\wd24\public\index.php(79): CodeIgniter\CodeIgniter->run()
#8 {main}
CRITICAL - 2024-01-23 14:34:04 --> CodeIgniter\Database\Exceptions\DatabaseException: Unable to connect to the database.
Main connection [MySQLi]: Es konnte keine Verbindung hergestellt werden, da der Zielcomputer die Verbindung verweigerte
in SYSTEMPATH\Database\BaseConnection.php on line 428.
 1 SYSTEMPATH\Database\BaseConnection.php(575): CodeIgniter\Database\BaseConnection->initialize()
 2 APPPATH\Models\TableModel.php(9): CodeIgniter\Database\BaseConnection->query('SELECT * FROM boards')
 3 APPPATH\Controllers\Home.php(12): App\Models\TableModel->getBoards()
 4 SYSTEMPATH\CodeIgniter.php(941): App\Controllers\Home->index()
 5 SYSTEMPATH\CodeIgniter.php(502): CodeIgniter\CodeIgniter->runController(Object(App\Controllers\Home))
 6 SYSTEMPATH\CodeIgniter.php(361): CodeIgniter\CodeIgniter->handleRequest(null, Object(Config\Cache), false)
 7 FCPATH\index.php(79): CodeIgniter\CodeIgniter->run()
CRITICAL - 2024-01-23 14:43:02 --> ErrorException: Undefined variable $item
in APPPATH\Views\templates\boards.php on line 12.
 1 APPPATH\Views\templates\boards.php(12): CodeIgniter\Debug\Exceptions->errorHandler(2, 'Undefined variable $item', 'C:\\xampp\\htdocs\\wd24\\app\\Views\\templates\\boards.php', 12)
 2 SYSTEMPATH\View\View.php(228): include('C:\\xampp\\htdocs\\wd24\\app\\Views\\templates\\boards.php')
 3 SYSTEMPATH\View\View.php(231): CodeIgniter\View\View->CodeIgniter\View\{closure}()
 4 SYSTEMPATH\Common.php(1178): CodeIgniter\View\View->render('templates/boards', [], true)
 5 APPPATH\Controllers\Home.php(16): view('templates/boards', [...])
 6 SYSTEMPATH\CodeIgniter.php(941): App\Controllers\Home->index()
 7 SYSTEMPATH\CodeIgniter.php(502): CodeIgniter\CodeIgniter->runController(Object(App\Controllers\Home))
 8 SYSTEMPATH\CodeIgniter.php(361): CodeIgniter\CodeIgniter->handleRequest(null, Object(Config\Cache), false)
 9 FCPATH\index.php(79): CodeIgniter\CodeIgniter->run()
CRITICAL - 2024-01-23 15:15:29 --> ErrorException: Undefined variable $tasks
in APPPATH\Views\templates\tasks.php on line 11.
 1 APPPATH\Views\templates\tasks.php(11): CodeIgniter\Debug\Exceptions->errorHandler(2, 'Undefined variable $tasks', 'C:\\xampp\\htdocs\\wd24\\app\\Views\\templates\\tasks.php', 11)
 2 SYSTEMPATH\View\View.php(228): include('C:\\xampp\\htdocs\\wd24\\app\\Views\\templates\\tasks.php')
 3 SYSTEMPATH\View\View.php(231): CodeIgniter\View\View->CodeIgniter\View\{closure}()
 4 SYSTEMPATH\Common.php(1178): CodeIgniter\View\View->render('templates/tasks', [], true)
 5 APPPATH\Controllers\Home.php(15): view('templates/tasks', [...])
 6 SYSTEMPATH\CodeIgniter.php(941): App\Controllers\Home->index()
 7 SYSTEMPATH\CodeIgniter.php(502): CodeIgniter\CodeIgniter->runController(Object(App\Controllers\Home))
 8 SYSTEMPATH\CodeIgniter.php(361): CodeIgniter\CodeIgniter->handleRequest(null, Object(Config\Cache), false)
 9 FCPATH\index.php(79): CodeIgniter\CodeIgniter->run()
CRITICAL - 2024-01-23 15:16:04 --> ErrorException: Undefined array key "Board"
in APPPATH\Views\templates\tasks.php on line 14.
 1 APPPATH\Views\templates\tasks.php(14): CodeIgniter\Debug\Exceptions->errorHandler(2, 'Undefined array key "Board"', 'C:\\xampp\\htdocs\\wd24\\app\\Views\\templates\\tasks.php', 14)
 2 SYSTEMPATH\View\View.php(228): include('C:\\xampp\\htdocs\\wd24\\app\\Views\\templates\\tasks.php')
 3 SYSTEMPATH\View\View.php(231): CodeIgniter\View\View->CodeIgniter\View\{closure}()
 4 SYSTEMPATH\Common.php(1178): CodeIgniter\View\View->render('templates/tasks', [], true)
 5 APPPATH\Controllers\Home.php(15): view('templates/tasks', [...])
 6 SYSTEMPATH\CodeIgniter.php(941): App\Controllers\Home->index()
 7 SYSTEMPATH\CodeIgniter.php(502): CodeIgniter\CodeIgniter->runController(Object(App\Controllers\Home))
 8 SYSTEMPATH\CodeIgniter.php(361): CodeIgniter\CodeIgniter->handleRequest(null, Object(Config\Cache), false)
 9 FCPATH\index.php(79): CodeIgniter\CodeIgniter->run()
CRITICAL - 2024-01-23 15:24:48 --> ErrorException: Undefined array key "Sortid"
in APPPATH\Views\templates\spalten.php on line 18.
 1 APPPATH\Views\templates\spalten.php(18): CodeIgniter\Debug\Exceptions->errorHandler(2, 'Undefined array key "Sortid"', 'C:\\xampp\\htdocs\\wd24\\app\\Views\\templates\\spalten.php', 18)
 2 SYSTEMPATH\View\View.php(228): include('C:\\xampp\\htdocs\\wd24\\app\\Views\\templates\\spalten.php')
 3 SYSTEMPATH\View\View.php(231): CodeIgniter\View\View->CodeIgniter\View\{closure}()
 4 SYSTEMPATH\Common.php(1178): CodeIgniter\View\View->render('templates/spalten', [], true)
 5 APPPATH\Controllers\Home.php(15): view('templates/spalten', [...])
 6 SYSTEMPATH\CodeIgniter.php(941): App\Controllers\Home->index()
 7 SYSTEMPATH\CodeIgniter.php(502): CodeIgniter\CodeIgniter->runController(Object(App\Controllers\Home))
 8 SYSTEMPATH\CodeIgniter.php(361): CodeIgniter\CodeIgniter->handleRequest(null, Object(Config\Cache), false)
 9 FCPATH\index.php(79): CodeIgniter\CodeIgniter->run()
CRITICAL - 2024-01-23 15:25:05 --> ErrorException: Undefined array key "Spaltebeschreibung"
in APPPATH\Views\templates\spalten.php on line 20.
 1 APPPATH\Views\templates\spalten.php(20): CodeIgniter\Debug\Exceptions->errorHandler(2, 'Undefined array key "Spaltebeschreibung"', 'C:\\xampp\\htdocs\\wd24\\app\\Views\\templates\\spalten.php', 20)
 2 SYSTEMPATH\View\View.php(228): include('C:\\xampp\\htdocs\\wd24\\app\\Views\\templates\\spalten.php')
 3 SYSTEMPATH\View\View.php(231): CodeIgniter\View\View->CodeIgniter\View\{closure}()
 4 SYSTEMPATH\Common.php(1178): CodeIgniter\View\View->render('templates/spalten', [], true)
 5 APPPATH\Controllers\Home.php(15): view('templates/spalten', [...])
 6 SYSTEMPATH\CodeIgniter.php(941): App\Controllers\Home->index()
 7 SYSTEMPATH\CodeIgniter.php(502): CodeIgniter\CodeIgniter->runController(Object(App\Controllers\Home))
 8 SYSTEMPATH\CodeIgniter.php(361): CodeIgniter\CodeIgniter->handleRequest(null, Object(Config\Cache), false)
 9 FCPATH\index.php(79): CodeIgniter\CodeIgniter->run()
CRITICAL - 2024-01-23 16:17:47 --> ArgumentCountError: Too few arguments to function App\Controllers\Spalten::getEdit(), 0 passed in C:\xampp\htdocs\wd24\system\CodeIgniter.php on line 941 and exactly 1 expected
in APPPATH\Controllers\Spalten.php on line 18.
 1 SYSTEMPATH\CodeIgniter.php(941): App\Controllers\Spalten->getEdit()
 2 SYSTEMPATH\CodeIgniter.php(502): CodeIgniter\CodeIgniter->runController(Object(App\Controllers\Spalten))
 3 SYSTEMPATH\CodeIgniter.php(361): CodeIgniter\CodeIgniter->handleRequest(null, Object(Config\Cache), false)
 4 FCPATH\index.php(79): CodeIgniter\CodeIgniter->run()
CRITICAL - 2024-01-23 16:19:22 --> ArgumentCountError: Too few arguments to function App\Controllers\Spalten::getEdit(), 0 passed in C:\xampp\htdocs\wd24\system\CodeIgniter.php on line 941 and exactly 1 expected
in APPPATH\Controllers\Spalten.php on line 18.
 1 SYSTEMPATH\CodeIgniter.php(941): App\Controllers\Spalten->getEdit()
 2 SYSTEMPATH\CodeIgniter.php(502): CodeIgniter\CodeIgniter->runController(Object(App\Controllers\Spalten))
 3 SYSTEMPATH\CodeIgniter.php(361): CodeIgniter\CodeIgniter->handleRequest(null, Object(Config\Cache), false)
 4 FCPATH\index.php(79): CodeIgniter\CodeIgniter->run()
CRITICAL - 2024-01-23 16:20:17 --> TypeError: view(): Argument #2 ($data) must be of type array, string given, called in C:\xampp\htdocs\wd24\app\Controllers\Spalten.php on line 22
in SYSTEMPATH\Common.php on line 1166.
 1 APPPATH\Controllers\Spalten.php(22): view('templates/editspalte', '1')
 2 SYSTEMPATH\CodeIgniter.php(941): App\Controllers\Spalten->getEdit('1')
 3 SYSTEMPATH\CodeIgniter.php(502): CodeIgniter\CodeIgniter->runController(Object(App\Controllers\Spalten))
 4 SYSTEMPATH\CodeIgniter.php(361): CodeIgniter\CodeIgniter->handleRequest(null, Object(Config\Cache), false)
 5 FCPATH\index.php(79): CodeIgniter\CodeIgniter->run()
CRITICAL - 2024-01-23 16:35:59 --> TypeError: view(): Argument #2 ($data) must be of type array, string given, called in C:\xampp\htdocs\wd24\app\Controllers\Spalten.php on line 22
in SYSTEMPATH\Common.php on line 1166.
 1 APPPATH\Controllers\Spalten.php(22): view('templates/editspalte', '1')
 2 SYSTEMPATH\CodeIgniter.php(941): App\Controllers\Spalten->getEdit('1')
 3 SYSTEMPATH\CodeIgniter.php(502): CodeIgniter\CodeIgniter->runController(Object(App\Controllers\Spalten))
 4 SYSTEMPATH\CodeIgniter.php(361): CodeIgniter\CodeIgniter->handleRequest(null, Object(Config\Cache), false)
 5 FCPATH\index.php(79): CodeIgniter\CodeIgniter->run()
CRITICAL - 2024-01-23 16:37:37 --> ParseError: syntax error, unexpected token "echo"
in APPPATH\Views\templates\header.php on line 20.
 1 SYSTEMPATH\View\View.php(231): CodeIgniter\View\View->CodeIgniter\View\{closure}()
 2 SYSTEMPATH\Common.php(1178): CodeIgniter\View\View->render('templates/header', [], true)
 3 APPPATH\Controllers\Spalten.php(14): view('templates/header')
 4 SYSTEMPATH\CodeIgniter.php(941): App\Controllers\Spalten->getSpalten()
 5 SYSTEMPATH\CodeIgniter.php(502): CodeIgniter\CodeIgniter->runController(Object(App\Controllers\Spalten))
 6 SYSTEMPATH\CodeIgniter.php(361): CodeIgniter\CodeIgniter->handleRequest(null, Object(Config\Cache), false)
 7 FCPATH\index.php(79): CodeIgniter\CodeIgniter->run()
CRITICAL - 2024-01-23 16:54:08 --> ErrorException: Undefined array key "Task"
in APPPATH\Views\templates\tasks.php on line 8.
 1 APPPATH\Views\templates\tasks.php(8): CodeIgniter\Debug\Exceptions->errorHandler(2, 'Undefined array key "Task"', 'C:\\xampp\\htdocs\\wd24\\app\\Views\\templates\\tasks.php', 8)
 2 SYSTEMPATH\View\View.php(228): include('C:\\xampp\\htdocs\\wd24\\app\\Views\\templates\\tasks.php')
 3 SYSTEMPATH\View\View.php(231): CodeIgniter\View\View->CodeIgniter\View\{closure}()
 4 SYSTEMPATH\Common.php(1178): CodeIgniter\View\View->render('templates/tasks', [], true)
 5 APPPATH\Controllers\Tasks.php(15): view('templates/tasks', [...])
 6 SYSTEMPATH\CodeIgniter.php(941): App\Controllers\Tasks->getTasks()
 7 SYSTEMPATH\CodeIgniter.php(502): CodeIgniter\CodeIgniter->runController(Object(App\Controllers\Tasks))
 8 SYSTEMPATH\CodeIgniter.php(361): CodeIgniter\CodeIgniter->handleRequest(null, Object(Config\Cache), false)
 9 FCPATH\index.php(79): CodeIgniter\CodeIgniter->run()
CRITICAL - 2024-01-23 17:12:26 --> ErrorException: Undefined array key "Tasks"
in APPPATH\Views\templates\tasks.php on line 7.
 1 APPPATH\Views\templates\tasks.php(7): CodeIgniter\Debug\Exceptions->errorHandler(2, 'Undefined array key "Tasks"', 'C:\\xampp\\htdocs\\wd24\\app\\Views\\templates\\tasks.php', 7)
 2 SYSTEMPATH\View\View.php(228): include('C:\\xampp\\htdocs\\wd24\\app\\Views\\templates\\tasks.php')
 3 SYSTEMPATH\View\View.php(231): CodeIgniter\View\View->CodeIgniter\View\{closure}()
 4 SYSTEMPATH\Common.php(1178): CodeIgniter\View\View->render('templates/tasks', [], true)
 5 APPPATH\Controllers\Tasks.php(15): view('templates/tasks', [...])
 6 SYSTEMPATH\CodeIgniter.php(941): App\Controllers\Tasks->getTasks()
 7 SYSTEMPATH\CodeIgniter.php(502): CodeIgniter\CodeIgniter->runController(Object(App\Controllers\Tasks))
 8 SYSTEMPATH\CodeIgniter.php(361): CodeIgniter\CodeIgniter->handleRequest(null, Object(Config\Cache), false)
 9 FCPATH\index.php(79): CodeIgniter\CodeIgniter->run()
CRITICAL - 2024-01-23 17:55:06 --> ErrorException: Undefined array key "SpaltenId"
in APPPATH\Views\templates\tasks.php on line 32.
 1 APPPATH\Views\templates\tasks.php(32): CodeIgniter\Debug\Exceptions->errorHandler(2, 'Undefined array key "SpaltenId"', 'C:\\xampp\\htdocs\\wd24\\app\\Views\\templates\\tasks.php', 32)
 2 SYSTEMPATH\View\View.php(228): include('C:\\xampp\\htdocs\\wd24\\app\\Views\\templates\\tasks.php')
 3 SYSTEMPATH\View\View.php(231): CodeIgniter\View\View->CodeIgniter\View\{closure}()
 4 SYSTEMPATH\Common.php(1178): CodeIgniter\View\View->render('templates/tasks', [], true)
 5 APPPATH\Controllers\Tasks.php(15): view('templates/tasks', [...])
 6 SYSTEMPATH\CodeIgniter.php(941): App\Controllers\Tasks->getTasks()
 7 SYSTEMPATH\CodeIgniter.php(502): CodeIgniter\CodeIgniter->runController(Object(App\Controllers\Tasks))
 8 SYSTEMPATH\CodeIgniter.php(361): CodeIgniter\CodeIgniter->handleRequest(null, Object(Config\Cache), false)
 9 FCPATH\index.php(79): CodeIgniter\CodeIgniter->run()
CRITICAL - 2024-01-23 17:55:26 --> ErrorException: Undefined array key "Spaltenid"
in APPPATH\Views\templates\tasks.php on line 32.
 1 APPPATH\Views\templates\tasks.php(32): CodeIgniter\Debug\Exceptions->errorHandler(2, 'Undefined array key "Spaltenid"', 'C:\\xampp\\htdocs\\wd24\\app\\Views\\templates\\tasks.php', 32)
 2 SYSTEMPATH\View\View.php(228): include('C:\\xampp\\htdocs\\wd24\\app\\Views\\templates\\tasks.php')
 3 SYSTEMPATH\View\View.php(231): CodeIgniter\View\View->CodeIgniter\View\{closure}()
 4 SYSTEMPATH\Common.php(1178): CodeIgniter\View\View->render('templates/tasks', [], true)
 5 APPPATH\Controllers\Tasks.php(15): view('templates/tasks', [...])
 6 SYSTEMPATH\CodeIgniter.php(941): App\Controllers\Tasks->getTasks()
 7 SYSTEMPATH\CodeIgniter.php(502): CodeIgniter\CodeIgniter->runController(Object(App\Controllers\Tasks))
 8 SYSTEMPATH\CodeIgniter.php(361): CodeIgniter\CodeIgniter->handleRequest(null, Object(Config\Cache), false)
 9 FCPATH\index.php(79): CodeIgniter\CodeIgniter->run()
CRITICAL - 2024-01-23 18:07:01 --> ErrorException: Undefined array key "Spaltenid"
in APPPATH\Views\templates\tasks.php on line 32.
 1 APPPATH\Views\templates\tasks.php(32): CodeIgniter\Debug\Exceptions->errorHandler(2, 'Undefined array key "Spaltenid"', 'C:\\xampp\\htdocs\\wd24\\app\\Views\\templates\\tasks.php', 32)
 2 SYSTEMPATH\View\View.php(228): include('C:\\xampp\\htdocs\\wd24\\app\\Views\\templates\\tasks.php')
 3 SYSTEMPATH\View\View.php(231): CodeIgniter\View\View->CodeIgniter\View\{closure}()
 4 SYSTEMPATH\Common.php(1178): CodeIgniter\View\View->render('templates/tasks', [], true)
 5 APPPATH\Controllers\Tasks.php(15): view('templates/tasks', [...])
 6 SYSTEMPATH\CodeIgniter.php(941): App\Controllers\Tasks->getTasks()
 7 SYSTEMPATH\CodeIgniter.php(502): CodeIgniter\CodeIgniter->runController(Object(App\Controllers\Tasks))
 8 SYSTEMPATH\CodeIgniter.php(361): CodeIgniter\CodeIgniter->handleRequest(null, Object(Config\Cache), false)
 9 FCPATH\index.php(79): CodeIgniter\CodeIgniter->run()
CRITICAL - 2024-01-23 18:07:28 --> ErrorException: Undefined array key "Spaltenid"
in APPPATH\Views\templates\tasks.php on line 32.
 1 APPPATH\Views\templates\tasks.php(32): CodeIgniter\Debug\Exceptions->errorHandler(2, 'Undefined array key "Spaltenid"', 'C:\\xampp\\htdocs\\wd24\\app\\Views\\templates\\tasks.php', 32)
 2 SYSTEMPATH\View\View.php(228): include('C:\\xampp\\htdocs\\wd24\\app\\Views\\templates\\tasks.php')
 3 SYSTEMPATH\View\View.php(231): CodeIgniter\View\View->CodeIgniter\View\{closure}()
 4 SYSTEMPATH\Common.php(1178): CodeIgniter\View\View->render('templates/tasks', [], true)
 5 APPPATH\Controllers\Tasks.php(15): view('templates/tasks', [...])
 6 SYSTEMPATH\CodeIgniter.php(941): App\Controllers\Tasks->getTasks()
 7 SYSTEMPATH\CodeIgniter.php(502): CodeIgniter\CodeIgniter->runController(Object(App\Controllers\Tasks))
 8 SYSTEMPATH\CodeIgniter.php(361): CodeIgniter\CodeIgniter->handleRequest(null, Object(Config\Cache), false)
 9 FCPATH\index.php(79): CodeIgniter\CodeIgniter->run()
CRITICAL - 2024-01-23 18:07:36 --> ErrorException: Undefined array key "spaltenid"
in APPPATH\Views\templates\tasks.php on line 32.
 1 APPPATH\Views\templates\tasks.php(32): CodeIgniter\Debug\Exceptions->errorHandler(2, 'Undefined array key "spaltenid"', 'C:\\xampp\\htdocs\\wd24\\app\\Views\\templates\\tasks.php', 32)
 2 SYSTEMPATH\View\View.php(228): include('C:\\xampp\\htdocs\\wd24\\app\\Views\\templates\\tasks.php')
 3 SYSTEMPATH\View\View.php(231): CodeIgniter\View\View->CodeIgniter\View\{closure}()
 4 SYSTEMPATH\Common.php(1178): CodeIgniter\View\View->render('templates/tasks', [], true)
 5 APPPATH\Controllers\Tasks.php(15): view('templates/tasks', [...])
 6 SYSTEMPATH\CodeIgniter.php(941): App\Controllers\Tasks->getTasks()
 7 SYSTEMPATH\CodeIgniter.php(502): CodeIgniter\CodeIgniter->runController(Object(App\Controllers\Tasks))
 8 SYSTEMPATH\CodeIgniter.php(361): CodeIgniter\CodeIgniter->handleRequest(null, Object(Config\Cache), false)
 9 FCPATH\index.php(79): CodeIgniter\CodeIgniter->run()
CRITICAL - 2024-01-23 18:08:31 --> ErrorException: Undefined array key "Spaltenid"
in APPPATH\Views\templates\tasks.php on line 32.
 1 APPPATH\Views\templates\tasks.php(32): CodeIgniter\Debug\Exceptions->errorHandler(2, 'Undefined array key "Spaltenid"', 'C:\\xampp\\htdocs\\wd24\\app\\Views\\templates\\tasks.php', 32)
 2 SYSTEMPATH\View\View.php(228): include('C:\\xampp\\htdocs\\wd24\\app\\Views\\templates\\tasks.php')
 3 SYSTEMPATH\View\View.php(231): CodeIgniter\View\View->CodeIgniter\View\{closure}()
 4 SYSTEMPATH\Common.php(1178): CodeIgniter\View\View->render('templates/tasks', [], true)
 5 APPPATH\Controllers\Tasks.php(15): view('templates/tasks', [...])
 6 SYSTEMPATH\CodeIgniter.php(941): App\Controllers\Tasks->getTasks()
 7 SYSTEMPATH\CodeIgniter.php(502): CodeIgniter\CodeIgniter->runController(Object(App\Controllers\Tasks))
 8 SYSTEMPATH\CodeIgniter.php(361): CodeIgniter\CodeIgniter->handleRequest(null, Object(Config\Cache), false)
 9 FCPATH\index.php(79): CodeIgniter\CodeIgniter->run()
CRITICAL - 2024-01-23 18:10:17 --> ErrorException: Undefined array key "Spaltenid"
in APPPATH\Views\templates\tasks.php on line 32.
 1 APPPATH\Views\templates\tasks.php(32): CodeIgniter\Debug\Exceptions->errorHandler(2, 'Undefined array key "Spaltenid"', 'C:\\xampp\\htdocs\\wd24\\app\\Views\\templates\\tasks.php', 32)
 2 SYSTEMPATH\View\View.php(228): include('C:\\xampp\\htdocs\\wd24\\app\\Views\\templates\\tasks.php')
 3 SYSTEMPATH\View\View.php(231): CodeIgniter\View\View->CodeIgniter\View\{closure}()
 4 SYSTEMPATH\Common.php(1178): CodeIgniter\View\View->render('templates/tasks', [], true)
 5 APPPATH\Controllers\Tasks.php(15): view('templates/tasks', [...])
 6 SYSTEMPATH\CodeIgniter.php(941): App\Controllers\Tasks->getTasks()
 7 SYSTEMPATH\CodeIgniter.php(502): CodeIgniter\CodeIgniter->runController(Object(App\Controllers\Tasks))
 8 SYSTEMPATH\CodeIgniter.php(361): CodeIgniter\CodeIgniter->handleRequest(null, Object(Config\Cache), false)
 9 FCPATH\index.php(79): CodeIgniter\CodeIgniter->run()
CRITICAL - 2024-01-23 18:10:25 --> ErrorException: Undefined array key "SpaltenId"
in APPPATH\Views\templates\tasks.php on line 32.
 1 APPPATH\Views\templates\tasks.php(32): CodeIgniter\Debug\Exceptions->errorHandler(2, 'Undefined array key "SpaltenId"', 'C:\\xampp\\htdocs\\wd24\\app\\Views\\templates\\tasks.php', 32)
 2 SYSTEMPATH\View\View.php(228): include('C:\\xampp\\htdocs\\wd24\\app\\Views\\templates\\tasks.php')
 3 SYSTEMPATH\View\View.php(231): CodeIgniter\View\View->CodeIgniter\View\{closure}()
 4 SYSTEMPATH\Common.php(1178): CodeIgniter\View\View->render('templates/tasks', [], true)
 5 APPPATH\Controllers\Tasks.php(15): view('templates/tasks', [...])
 6 SYSTEMPATH\CodeIgniter.php(941): App\Controllers\Tasks->getTasks()
 7 SYSTEMPATH\CodeIgniter.php(502): CodeIgniter\CodeIgniter->runController(Object(App\Controllers\Tasks))
 8 SYSTEMPATH\CodeIgniter.php(361): CodeIgniter\CodeIgniter->handleRequest(null, Object(Config\Cache), false)
 9 FCPATH\index.php(79): CodeIgniter\CodeIgniter->run()
CRITICAL - 2024-01-23 18:12:00 --> Error: Undefined constant "item"
in APPPATH\Views\templates\tasks.php on line 31.
 1 SYSTEMPATH\View\View.php(228): include()
 2 SYSTEMPATH\View\View.php(231): CodeIgniter\View\View->CodeIgniter\View\{closure}()
 3 SYSTEMPATH\Common.php(1178): CodeIgniter\View\View->render('templates/tasks', [], true)
 4 APPPATH\Controllers\Tasks.php(15): view('templates/tasks', [...])
 5 SYSTEMPATH\CodeIgniter.php(941): App\Controllers\Tasks->getTasks()
 6 SYSTEMPATH\CodeIgniter.php(502): CodeIgniter\CodeIgniter->runController(Object(App\Controllers\Tasks))
 7 SYSTEMPATH\CodeIgniter.php(361): CodeIgniter\CodeIgniter->handleRequest(null, Object(Config\Cache), false)
 8 FCPATH\index.php(79): CodeIgniter\CodeIgniter->run()
CRITICAL - 2024-01-23 18:12:08 --> ErrorException: Undefined array key "Tasks"
in APPPATH\Views\templates\tasks.php on line 34.
 1 APPPATH\Views\templates\tasks.php(34): CodeIgniter\Debug\Exceptions->errorHandler(2, 'Undefined array key "Tasks"', 'C:\\xampp\\htdocs\\wd24\\app\\Views\\templates\\tasks.php', 34)
 2 SYSTEMPATH\View\View.php(228): include('C:\\xampp\\htdocs\\wd24\\app\\Views\\templates\\tasks.php')
 3 SYSTEMPATH\View\View.php(231): CodeIgniter\View\View->CodeIgniter\View\{closure}()
 4 SYSTEMPATH\Common.php(1178): CodeIgniter\View\View->render('templates/tasks', [], true)
 5 APPPATH\Controllers\Tasks.php(15): view('templates/tasks', [...])
 6 SYSTEMPATH\CodeIgniter.php(941): App\Controllers\Tasks->getTasks()
 7 SYSTEMPATH\CodeIgniter.php(502): CodeIgniter\CodeIgniter->runController(Object(App\Controllers\Tasks))
 8 SYSTEMPATH\CodeIgniter.php(361): CodeIgniter\CodeIgniter->handleRequest(null, Object(Config\Cache), false)
 9 FCPATH\index.php(79): CodeIgniter\CodeIgniter->run()
CRITICAL - 2024-01-23 18:13:09 --> ErrorException: Undefined array key "SpaltenId"
in APPPATH\Views\templates\tasks.php on line 32.
 1 APPPATH\Views\templates\tasks.php(32): CodeIgniter\Debug\Exceptions->errorHandler(2, 'Undefined array key "SpaltenId"', 'C:\\xampp\\htdocs\\wd24\\app\\Views\\templates\\tasks.php', 32)
 2 SYSTEMPATH\View\View.php(228): include('C:\\xampp\\htdocs\\wd24\\app\\Views\\templates\\tasks.php')
 3 SYSTEMPATH\View\View.php(231): CodeIgniter\View\View->CodeIgniter\View\{closure}()
 4 SYSTEMPATH\Common.php(1178): CodeIgniter\View\View->render('templates/tasks', [], true)
 5 APPPATH\Controllers\Tasks.php(15): view('templates/tasks', [...])
 6 SYSTEMPATH\CodeIgniter.php(941): App\Controllers\Tasks->getTasks()
 7 SYSTEMPATH\CodeIgniter.php(502): CodeIgniter\CodeIgniter->runController(Object(App\Controllers\Tasks))
 8 SYSTEMPATH\CodeIgniter.php(361): CodeIgniter\CodeIgniter->handleRequest(null, Object(Config\Cache), false)
 9 FCPATH\index.php(79): CodeIgniter\CodeIgniter->run()
CRITICAL - 2024-01-23 18:13:53 --> ErrorException: Undefined array key "Task"
in APPPATH\Views\templates\tasks.php on line 33.
 1 APPPATH\Views\templates\tasks.php(33): CodeIgniter\Debug\Exceptions->errorHandler(2, 'Undefined array key "Task"', 'C:\\xampp\\htdocs\\wd24\\app\\Views\\templates\\tasks.php', 33)
 2 SYSTEMPATH\View\View.php(228): include('C:\\xampp\\htdocs\\wd24\\app\\Views\\templates\\tasks.php')
 3 SYSTEMPATH\View\View.php(231): CodeIgniter\View\View->CodeIgniter\View\{closure}()
 4 SYSTEMPATH\Common.php(1178): CodeIgniter\View\View->render('templates/tasks', [], true)
 5 APPPATH\Controllers\Tasks.php(15): view('templates/tasks', [...])
 6 SYSTEMPATH\CodeIgniter.php(941): App\Controllers\Tasks->getTasks()
 7 SYSTEMPATH\CodeIgniter.php(502): CodeIgniter\CodeIgniter->runController(Object(App\Controllers\Tasks))
 8 SYSTEMPATH\CodeIgniter.php(361): CodeIgniter\CodeIgniter->handleRequest(null, Object(Config\Cache), false)
 9 FCPATH\index.php(79): CodeIgniter\CodeIgniter->run()
CRITICAL - 2024-01-23 18:24:00 --> TypeError: date_format(): Argument #1 ($object) must be of type DateTimeInterface, string given
in APPPATH\Views\templates\tasks.php on line 39.
 1 APPPATH\Views\templates\tasks.php(39): date_format('2024-01-17', 'd.m.Y H:i:s')
 2 SYSTEMPATH\View\View.php(228): include('C:\\xampp\\htdocs\\wd24\\app\\Views\\templates\\tasks.php')
 3 SYSTEMPATH\View\View.php(231): CodeIgniter\View\View->CodeIgniter\View\{closure}()
 4 SYSTEMPATH\Common.php(1178): CodeIgniter\View\View->render('templates/tasks', [], true)
 5 APPPATH\Controllers\Tasks.php(15): view('templates/tasks', [...])
 6 SYSTEMPATH\CodeIgniter.php(941): App\Controllers\Tasks->getTasks()
 7 SYSTEMPATH\CodeIgniter.php(502): CodeIgniter\CodeIgniter->runController(Object(App\Controllers\Tasks))
 8 SYSTEMPATH\CodeIgniter.php(361): CodeIgniter\CodeIgniter->handleRequest(null, Object(Config\Cache), false)
 9 FCPATH\index.php(79): CodeIgniter\CodeIgniter->run()
CRITICAL - 2024-01-23 19:01:21 --> Error: Object of class CodeIgniter\Database\MySQLi\Result could not be converted to string
in APPPATH\Views\templates\tasks.php on line 44.
 1 SYSTEMPATH\View\View.php(228): include()
 2 SYSTEMPATH\View\View.php(231): CodeIgniter\View\View->CodeIgniter\View\{closure}()
 3 SYSTEMPATH\Common.php(1178): CodeIgniter\View\View->render('templates/tasks', [], true)
 4 APPPATH\Controllers\Tasks.php(15): view('templates/tasks', [...])
 5 SYSTEMPATH\CodeIgniter.php(941): App\Controllers\Tasks->getTasks()
 6 SYSTEMPATH\CodeIgniter.php(502): CodeIgniter\CodeIgniter->runController(Object(App\Controllers\Tasks))
 7 SYSTEMPATH\CodeIgniter.php(361): CodeIgniter\CodeIgniter->handleRequest(null, Object(Config\Cache), false)
 8 FCPATH\index.php(79): CodeIgniter\CodeIgniter->run()
CRITICAL - 2024-01-23 19:06:44 --> ErrorException: Array to string conversion
in APPPATH\Views\templates\tasks.php on line 44.
 1 APPPATH\Views\templates\tasks.php(44): CodeIgniter\Debug\Exceptions->errorHandler(2, 'Array to string conversion', 'C:\\xampp\\htdocs\\wd24\\app\\Views\\templates\\tasks.php', 44)
 2 SYSTEMPATH\View\View.php(228): include('C:\\xampp\\htdocs\\wd24\\app\\Views\\templates\\tasks.php')
 3 SYSTEMPATH\View\View.php(231): CodeIgniter\View\View->CodeIgniter\View\{closure}()
 4 SYSTEMPATH\Common.php(1178): CodeIgniter\View\View->render('templates/tasks', [], true)
 5 APPPATH\Controllers\Tasks.php(15): view('templates/tasks', [...])
 6 SYSTEMPATH\CodeIgniter.php(941): App\Controllers\Tasks->getTasks()
 7 SYSTEMPATH\CodeIgniter.php(502): CodeIgniter\CodeIgniter->runController(Object(App\Controllers\Tasks))
 8 SYSTEMPATH\CodeIgniter.php(361): CodeIgniter\CodeIgniter->handleRequest(null, Object(Config\Cache), false)
 9 FCPATH\index.php(79): CodeIgniter\CodeIgniter->run()
CRITICAL - 2024-01-23 19:07:08 --> ErrorException: Array to string conversion
in APPPATH\Views\templates\tasks.php on line 44.
 1 APPPATH\Views\templates\tasks.php(44): CodeIgniter\Debug\Exceptions->errorHandler(2, 'Array to string conversion', 'C:\\xampp\\htdocs\\wd24\\app\\Views\\templates\\tasks.php', 44)
 2 SYSTEMPATH\View\View.php(228): include('C:\\xampp\\htdocs\\wd24\\app\\Views\\templates\\tasks.php')
 3 SYSTEMPATH\View\View.php(231): CodeIgniter\View\View->CodeIgniter\View\{closure}()
 4 SYSTEMPATH\Common.php(1178): CodeIgniter\View\View->render('templates/tasks', [], true)
 5 APPPATH\Controllers\Tasks.php(15): view('templates/tasks', [...])
 6 SYSTEMPATH\CodeIgniter.php(941): App\Controllers\Tasks->getTasks()
 7 SYSTEMPATH\CodeIgniter.php(502): CodeIgniter\CodeIgniter->runController(Object(App\Controllers\Tasks))
 8 SYSTEMPATH\CodeIgniter.php(361): CodeIgniter\CodeIgniter->handleRequest(null, Object(Config\Cache), false)
 9 FCPATH\index.php(79): CodeIgniter\CodeIgniter->run()
CRITICAL - 2024-01-23 19:21:05 --> ErrorException: Undefined array key "Taskartenid"
in APPPATH\Views\templates\tasks.php on line 67.
 1 APPPATH\Views\templates\tasks.php(67): CodeIgniter\Debug\Exceptions->errorHandler(2, 'Undefined array key "Taskartenid"', 'C:\\xampp\\htdocs\\wd24\\app\\Views\\templates\\tasks.php', 67)
 2 SYSTEMPATH\View\View.php(228): include('C:\\xampp\\htdocs\\wd24\\app\\Views\\templates\\tasks.php')
 3 SYSTEMPATH\View\View.php(231): CodeIgniter\View\View->CodeIgniter\View\{closure}()
 4 SYSTEMPATH\Common.php(1178): CodeIgniter\View\View->render('templates/tasks', [], true)
 5 APPPATH\Controllers\Tasks.php(16): view('templates/tasks', [...])
 6 SYSTEMPATH\CodeIgniter.php(941): App\Controllers\Tasks->getTasks()
 7 SYSTEMPATH\CodeIgniter.php(502): CodeIgniter\CodeIgniter->runController(Object(App\Controllers\Tasks))
 8 SYSTEMPATH\CodeIgniter.php(361): CodeIgniter\CodeIgniter->handleRequest(null, Object(Config\Cache), false)
 9 FCPATH\index.php(79): CodeIgniter\CodeIgniter->run()
CRITICAL - 2024-01-23 19:44:02 --> ErrorException: Undefined variable $item
in APPPATH\Views\templates\todo.php on line 8.
 1 APPPATH\Views\templates\todo.php(8): CodeIgniter\Debug\Exceptions->errorHandler(2, 'Undefined variable $item', 'C:\\xampp\\htdocs\\wd24\\app\\Views\\templates\\todo.php', 8)
 2 SYSTEMPATH\View\View.php(228): include('C:\\xampp\\htdocs\\wd24\\app\\Views\\templates\\todo.php')
 3 SYSTEMPATH\View\View.php(231): CodeIgniter\View\View->CodeIgniter\View\{closure}()
 4 SYSTEMPATH\Common.php(1178): CodeIgniter\View\View->render('templates/todo', [], true)
 5 APPPATH\Views\templates\tasks.php(25): view('templates/todo')
 6 SYSTEMPATH\View\View.php(228): include('C:\\xampp\\htdocs\\wd24\\app\\Views\\templates\\tasks.php')
 7 SYSTEMPATH\View\View.php(231): CodeIgniter\View\View->CodeIgniter\View\{closure}()
 8 SYSTEMPATH\Common.php(1178): CodeIgniter\View\View->render('templates/tasks', [], true)
 9 APPPATH\Controllers\Tasks.php(16): view('templates/tasks', [...])
10 SYSTEMPATH\CodeIgniter.php(941): App\Controllers\Tasks->getTasks()
11 SYSTEMPATH\CodeIgniter.php(502): CodeIgniter\CodeIgniter->runController(Object(App\Controllers\Tasks))
12 SYSTEMPATH\CodeIgniter.php(361): CodeIgniter\CodeIgniter->handleRequest(null, Object(Config\Cache), false)
13 FCPATH\index.php(79): CodeIgniter\CodeIgniter->run()
CRITICAL - 2024-01-23 19:44:45 --> ErrorException: Undefined variable $item
in APPPATH\Views\templates\todo.php on line 8.
 1 APPPATH\Views\templates\todo.php(8): CodeIgniter\Debug\Exceptions->errorHandler(2, 'Undefined variable $item', 'C:\\xampp\\htdocs\\wd24\\app\\Views\\templates\\todo.php', 8)
 2 SYSTEMPATH\View\View.php(228): include('C:\\xampp\\htdocs\\wd24\\app\\Views\\templates\\todo.php')
 3 SYSTEMPATH\View\View.php(231): CodeIgniter\View\View->CodeIgniter\View\{closure}()
 4 SYSTEMPATH\Common.php(1178): CodeIgniter\View\View->render('templates/todo', [], true)
 5 APPPATH\Views\templates\tasks.php(25): view('templates/todo', [...])
 6 SYSTEMPATH\View\View.php(228): include('C:\\xampp\\htdocs\\wd24\\app\\Views\\templates\\tasks.php')
 7 SYSTEMPATH\View\View.php(231): CodeIgniter\View\View->CodeIgniter\View\{closure}()
 8 SYSTEMPATH\Common.php(1178): CodeIgniter\View\View->render('templates/tasks', [], true)
 9 APPPATH\Controllers\Tasks.php(16): view('templates/tasks', [...])
10 SYSTEMPATH\CodeIgniter.php(941): App\Controllers\Tasks->getTasks()
11 SYSTEMPATH\CodeIgniter.php(502): CodeIgniter\CodeIgniter->runController(Object(App\Controllers\Tasks))
12 SYSTEMPATH\CodeIgniter.php(361): CodeIgniter\CodeIgniter->handleRequest(null, Object(Config\Cache), false)
13 FCPATH\index.php(79): CodeIgniter\CodeIgniter->run()
CRITICAL - 2024-01-23 19:48:54 --> ErrorException: Undefined variable $item
in APPPATH\Views\templates\todo.php on line 1.
 1 APPPATH\Views\templates\todo.php(1): CodeIgniter\Debug\Exceptions->errorHandler(2, 'Undefined variable $item', 'C:\\xampp\\htdocs\\wd24\\app\\Views\\templates\\todo.php', 1)
 2 SYSTEMPATH\View\View.php(228): include('C:\\xampp\\htdocs\\wd24\\app\\Views\\templates\\todo.php')
 3 SYSTEMPATH\View\View.php(231): CodeIgniter\View\View->CodeIgniter\View\{closure}()
 4 SYSTEMPATH\Common.php(1178): CodeIgniter\View\View->render('templates/todo', [], true)
 5 APPPATH\Views\templates\tasks.php(25): view('templates/todo', [...])
 6 SYSTEMPATH\View\View.php(228): include('C:\\xampp\\htdocs\\wd24\\app\\Views\\templates\\tasks.php')
 7 SYSTEMPATH\View\View.php(231): CodeIgniter\View\View->CodeIgniter\View\{closure}()
 8 SYSTEMPATH\Common.php(1178): CodeIgniter\View\View->render('templates/tasks', [], true)
 9 APPPATH\Controllers\Tasks.php(16): view('templates/tasks', [...])
10 SYSTEMPATH\CodeIgniter.php(941): App\Controllers\Tasks->getTasks()
11 SYSTEMPATH\CodeIgniter.php(502): CodeIgniter\CodeIgniter->runController(Object(App\Controllers\Tasks))
12 SYSTEMPATH\CodeIgniter.php(361): CodeIgniter\CodeIgniter->handleRequest(null, Object(Config\Cache), false)
13 FCPATH\index.php(79): CodeIgniter\CodeIgniter->run()
CRITICAL - 2024-01-23 19:51:16 --> ParseError: syntax error, unexpected token "endforeach", expecting end of file
in APPPATH\Views\templates\todo.php on line 38.
 1 SYSTEMPATH\View\View.php(231): CodeIgniter\View\View->CodeIgniter\View\{closure}()
 2 SYSTEMPATH\Common.php(1178): CodeIgniter\View\View->render('templates/todo', [], true)
 3 APPPATH\Views\templates\tasks.php(25): view('templates/todo', [...])
 4 SYSTEMPATH\View\View.php(228): include('C:\\xampp\\htdocs\\wd24\\app\\Views\\templates\\tasks.php')
 5 SYSTEMPATH\View\View.php(231): CodeIgniter\View\View->CodeIgniter\View\{closure}()
 6 SYSTEMPATH\Common.php(1178): CodeIgniter\View\View->render('templates/tasks', [], true)
 7 APPPATH\Controllers\Tasks.php(16): view('templates/tasks', [...])
 8 SYSTEMPATH\CodeIgniter.php(941): App\Controllers\Tasks->getTasks()
 9 SYSTEMPATH\CodeIgniter.php(502): CodeIgniter\CodeIgniter->runController(Object(App\Controllers\Tasks))
10 SYSTEMPATH\CodeIgniter.php(361): CodeIgniter\CodeIgniter->handleRequest(null, Object(Config\Cache), false)
11 FCPATH\index.php(79): CodeIgniter\CodeIgniter->run()
CRITICAL - 2024-01-23 19:51:26 --> ErrorException: Undefined variable $item
in APPPATH\Views\templates\wip.php on line 8.
 1 APPPATH\Views\templates\wip.php(8): CodeIgniter\Debug\Exceptions->errorHandler(2, 'Undefined variable $item', 'C:\\xampp\\htdocs\\wd24\\app\\Views\\templates\\wip.php', 8)
 2 SYSTEMPATH\View\View.php(228): include('C:\\xampp\\htdocs\\wd24\\app\\Views\\templates\\wip.php')
 3 SYSTEMPATH\View\View.php(231): CodeIgniter\View\View->CodeIgniter\View\{closure}()
 4 SYSTEMPATH\Common.php(1178): CodeIgniter\View\View->render('templates/wip', [], true)
 5 APPPATH\Views\templates\tasks.php(28): view('templates/wip', [...])
 6 SYSTEMPATH\View\View.php(228): include('C:\\xampp\\htdocs\\wd24\\app\\Views\\templates\\tasks.php')
 7 SYSTEMPATH\View\View.php(231): CodeIgniter\View\View->CodeIgniter\View\{closure}()
 8 SYSTEMPATH\Common.php(1178): CodeIgniter\View\View->render('templates/tasks', [], true)
 9 APPPATH\Controllers\Tasks.php(16): view('templates/tasks', [...])
10 SYSTEMPATH\CodeIgniter.php(941): App\Controllers\Tasks->getTasks()
11 SYSTEMPATH\CodeIgniter.php(502): CodeIgniter\CodeIgniter->runController(Object(App\Controllers\Tasks))
12 SYSTEMPATH\CodeIgniter.php(361): CodeIgniter\CodeIgniter->handleRequest(null, Object(Config\Cache), false)
13 FCPATH\index.php(79): CodeIgniter\CodeIgniter->run()
CRITICAL - 2024-01-23 19:51:57 --> ParseError: syntax error, unexpected token "endforeach", expecting end of file
in APPPATH\Views\templates\done.php on line 32.
 1 SYSTEMPATH\View\View.php(231): CodeIgniter\View\View->CodeIgniter\View\{closure}()
 2 SYSTEMPATH\Common.php(1178): CodeIgniter\View\View->render('templates/done', [], true)
 3 APPPATH\Views\templates\tasks.php(31): view('templates/done', [...])
 4 SYSTEMPATH\View\View.php(228): include('C:\\xampp\\htdocs\\wd24\\app\\Views\\templates\\tasks.php')
 5 SYSTEMPATH\View\View.php(231): CodeIgniter\View\View->CodeIgniter\View\{closure}()
 6 SYSTEMPATH\Common.php(1178): CodeIgniter\View\View->render('templates/tasks', [], true)
 7 APPPATH\Controllers\Tasks.php(16): view('templates/tasks', [...])
 8 SYSTEMPATH\CodeIgniter.php(941): App\Controllers\Tasks->getTasks()
 9 SYSTEMPATH\CodeIgniter.php(502): CodeIgniter\CodeIgniter->runController(Object(App\Controllers\Tasks))
10 SYSTEMPATH\CodeIgniter.php(361): CodeIgniter\CodeIgniter->handleRequest(null, Object(Config\Cache), false)
11 FCPATH\index.php(79): CodeIgniter\CodeIgniter->run()
CRITICAL - 2024-01-23 19:59:33 --> ParseError: syntax error, unexpected token "endforeach", expecting end of file
in APPPATH\Views\templates\wip.php on line 37.
 1 SYSTEMPATH\View\View.php(231): CodeIgniter\View\View->CodeIgniter\View\{closure}()
 2 SYSTEMPATH\Common.php(1178): CodeIgniter\View\View->render('templates/wip', [], true)
 3 APPPATH\Views\templates\tasks.php(28): view('templates/wip', [...])
 4 SYSTEMPATH\View\View.php(228): include('C:\\xampp\\htdocs\\wd24\\app\\Views\\templates\\tasks.php')
 5 SYSTEMPATH\View\View.php(231): CodeIgniter\View\View->CodeIgniter\View\{closure}()
 6 SYSTEMPATH\Common.php(1178): CodeIgniter\View\View->render('templates/tasks', [], true)
 7 APPPATH\Controllers\Tasks.php(16): view('templates/tasks', [...])
 8 SYSTEMPATH\CodeIgniter.php(941): App\Controllers\Tasks->getTasks()
 9 SYSTEMPATH\CodeIgniter.php(502): CodeIgniter\CodeIgniter->runController(Object(App\Controllers\Tasks))
10 SYSTEMPATH\CodeIgniter.php(361): CodeIgniter\CodeIgniter->handleRequest(null, Object(Config\Cache), false)
11 FCPATH\index.php(79): CodeIgniter\CodeIgniter->run()
CRITICAL - 2024-01-23 20:10:13 --> Error: Call to a member function getBoards() on array
in APPPATH\Controllers\Tasks.php on line 14.
 1 SYSTEMPATH\CodeIgniter.php(941): App\Controllers\Tasks->getTasks()
 2 SYSTEMPATH\CodeIgniter.php(502): CodeIgniter\CodeIgniter->runController(Object(App\Controllers\Tasks))
 3 SYSTEMPATH\CodeIgniter.php(361): CodeIgniter\CodeIgniter->handleRequest(null, Object(Config\Cache), false)
 4 FCPATH\index.php(79): CodeIgniter\CodeIgniter->run()
CRITICAL - 2024-01-23 20:10:32 --> Error: Call to a member function getBoards() on array
in APPPATH\Controllers\Tasks.php on line 14.
 1 SYSTEMPATH\CodeIgniter.php(941): App\Controllers\Tasks->getTasks()
 2 SYSTEMPATH\CodeIgniter.php(502): CodeIgniter\CodeIgniter->runController(Object(App\Controllers\Tasks))
 3 SYSTEMPATH\CodeIgniter.php(361): CodeIgniter\CodeIgniter->handleRequest(null, Object(Config\Cache), false)
 4 FCPATH\index.php(79): CodeIgniter\CodeIgniter->run()
CRITICAL - 2024-01-23 20:12:42 --> Error: Call to a member function getBoards() on array
in APPPATH\Controllers\Tasks.php on line 14.
 1 SYSTEMPATH\CodeIgniter.php(941): App\Controllers\Tasks->getTasks()
 2 SYSTEMPATH\CodeIgniter.php(502): CodeIgniter\CodeIgniter->runController(Object(App\Controllers\Tasks))
 3 SYSTEMPATH\CodeIgniter.php(361): CodeIgniter\CodeIgniter->handleRequest(null, Object(Config\Cache), false)
 4 FCPATH\index.php(79): CodeIgniter\CodeIgniter->run()
